<?xml version="1.0" encoding="utf-8"?>
<CoverageSession xmlns:xsd="http://www.w3.org/2001/XMLSchema" xmlns:xsi="http://www.w3.org/2001/XMLSchema-instance">
  <Modules>
    <Module skippedDueTo="Filter" hash="B5-EF-91-87-52-88-4E-B0-F8-8C-F4-4C-97-10-C8-D0-C0-7E-55-19">
      <FullName>C:\Windows\assembly\GAC_32\mscorlib\2.0.0.0__b77a5c561934e089\mscorlib.dll</FullName>
      <ModuleName>mscorlib</ModuleName>
      <Classes />
    </Module>
    <Module skippedDueTo="Filter" hash="F9-04-A8-31-CD-FB-23-72-95-63-5D-14-9A-A0-66-8E-7F-44-93-7A">
      <FullName>C:\Windows\assembly\GAC_32\mscorlib\2.0.0.0__b77a5c561934e089\sorttbls.nlp</FullName>
      <ModuleName>mscorlib</ModuleName>
      <Classes />
    </Module>
    <Module skippedDueTo="MissingPdb" hash="F2-88-6F-25-4E-20-75-4B-26-EB-92-FB-BB-B2-61-C4-AE-3C-02-C0">
      <FullName>C:\Program Files (x86)\SharpDevelop\4.4\bin\Tools\NUnit\nunit-console-dotnet2-x86.exe</FullName>
      <ModuleName>nunit-console</ModuleName>
      <Classes />
    </Module>
    <Module skippedDueTo="Filter" hash="6E-30-2E-50-36-FB-60-2C-8E-50-C0-83-54-8B-CC-EA-A8-91-B6-CC">
      <FullName>C:\Windows\assembly\GAC_32\mscorlib\2.0.0.0__b77a5c561934e089\sortkey.nlp</FullName>
      <ModuleName>mscorlib</ModuleName>
      <Classes />
    </Module>
    <Module skippedDueTo="Filter" hash="73-3B-23-B0-61-6B-07-12-D2-24-BD-FA-EE-91-6C-37-68-CB-EE-9D">
      <FullName>C:\Windows\assembly\GAC_MSIL\mscorlib.resources\2.0.0.0_ru_b77a5c561934e089\mscorlib.resources.dll</FullName>
      <ModuleName>mscorlib.resources</ModuleName>
      <Classes />
    </Module>
    <Module skippedDueTo="MissingPdb" hash="33-E1-CA-24-52-5A-B7-C7-C4-AF-91-2C-A9-4A-C0-37-67-0D-5B-FE">
      <FullName>C:\Program Files (x86)\SharpDevelop\4.4\bin\Tools\NUnit\lib\nunit.core.dll</FullName>
      <ModuleName>nunit.core</ModuleName>
      <Classes />
    </Module>
    <Module skippedDueTo="MissingPdb" hash="74-74-F6-87-59-E1-5F-4F-5F-5E-6E-82-50-E8-E2-46-D4-86-15-76">
      <FullName>C:\Program Files (x86)\SharpDevelop\4.4\bin\Tools\NUnit\lib\nunit.util.dll</FullName>
      <ModuleName>nunit.util</ModuleName>
      <Classes />
    </Module>
    <Module skippedDueTo="MissingPdb" hash="2A-C4-E5-DE-F3-EE-AD-84-E1-65-84-CC-15-90-76-96-E7-01-44-4E">
      <FullName>C:\Program Files (x86)\SharpDevelop\4.4\bin\Tools\NUnit\lib\nunit-console-runner.dll</FullName>
      <ModuleName>nunit-console-runner</ModuleName>
      <Classes />
    </Module>
    <Module skippedDueTo="MissingPdb" hash="D3-A4-4D-85-55-F7-CE-EF-A5-90-AA-EF-58-E0-9F-B6-CC-27-99-53">
      <FullName>C:\Program Files (x86)\SharpDevelop\4.4\bin\Tools\NUnit\lib\nunit.core.interfaces.dll</FullName>
      <ModuleName>nunit.core.interfaces</ModuleName>
      <Classes />
    </Module>
    <Module skippedDueTo="Filter" hash="2C-99-EE-29-D5-25-03-C4-0E-40-26-9B-F7-DF-C2-68-6E-74-74-31">
      <FullName>C:\Windows\assembly\GAC_MSIL\System.Configuration\2.0.0.0__b03f5f7f11d50a3a\System.Configuration.dll</FullName>
      <ModuleName>System.Configuration</ModuleName>
      <Classes />
    </Module>
    <Module skippedDueTo="Filter" hash="D3-99-70-9D-4C-FD-70-CC-82-00-AA-75-7A-54-8C-25-AC-54-B1-BF">
      <FullName>C:\Windows\assembly\GAC_MSIL\System\2.0.0.0__b77a5c561934e089\System.dll</FullName>
      <ModuleName>System</ModuleName>
      <Classes />
    </Module>
    <Module skippedDueTo="Filter" hash="C4-AD-0A-97-FF-1D-61-5F-88-89-A6-25-BD-02-5E-E5-F5-1D-6F-20">
      <FullName>C:\Windows\assembly\GAC_MSIL\System.Xml\2.0.0.0__b77a5c561934e089\System.Xml.dll</FullName>
      <ModuleName>System.Xml</ModuleName>
      <Classes />
    </Module>
    <Module skippedDueTo="Filter" hash="92-44-10-37-4C-84-2D-65-E3-A0-6A-B9-9F-01-42-6A-27-41-4A-8C">
      <FullName>C:\Windows\assembly\GAC_MSIL\System.Runtime.Remoting\2.0.0.0__b77a5c561934e089\System.Runtime.Remoting.dll</FullName>
      <ModuleName>System.Runtime.Remoting</ModuleName>
      <Classes />
    </Module>
    <Module skippedDueTo="MissingPdb" hash="33-E1-CA-24-52-5A-B7-C7-C4-AF-91-2C-A9-4A-C0-37-67-0D-5B-FE">
      <FullName>C:\Program Files (x86)\SharpDevelop\4.4\bin\Tools\NUnit\lib\nunit.core.dll</FullName>
      <ModuleName>nunit.core</ModuleName>
      <Classes />
    </Module>
    <Module skippedDueTo="Filter" hash="D3-99-70-9D-4C-FD-70-CC-82-00-AA-75-7A-54-8C-25-AC-54-B1-BF">
      <FullName>C:\Windows\assembly\GAC_MSIL\System\2.0.0.0__b77a5c561934e089\System.dll</FullName>
      <ModuleName>System</ModuleName>
      <Classes />
    </Module>
    <Module skippedDueTo="Filter" hash="C4-AD-0A-97-FF-1D-61-5F-88-89-A6-25-BD-02-5E-E5-F5-1D-6F-20">
      <FullName>C:\Windows\assembly\GAC_MSIL\System.Xml\2.0.0.0__b77a5c561934e089\System.Xml.dll</FullName>
      <ModuleName>System.Xml</ModuleName>
      <Classes />
    </Module>
    <Module skippedDueTo="Filter" hash="2C-99-EE-29-D5-25-03-C4-0E-40-26-9B-F7-DF-C2-68-6E-74-74-31">
      <FullName>C:\Windows\assembly\GAC_MSIL\System.Configuration\2.0.0.0__b03f5f7f11d50a3a\System.Configuration.dll</FullName>
      <ModuleName>System.Configuration</ModuleName>
      <Classes />
    </Module>
    <Module skippedDueTo="MissingPdb" hash="D3-A4-4D-85-55-F7-CE-EF-A5-90-AA-EF-58-E0-9F-B6-CC-27-99-53">
      <FullName>C:\Program Files (x86)\SharpDevelop\4.4\bin\Tools\NUnit\lib\nunit.core.interfaces.dll</FullName>
      <ModuleName>nunit.core.interfaces</ModuleName>
      <Classes />
    </Module>
    <Module hash="5B-9B-A1-D7-50-14-5C-9B-9B-F9-1F-B5-4D-60-31-CF-1A-C0-C8-3D">
      <FullName>C:\Users\suvoroda\AppData\Local\Temp\nunit20\ShadowCopyCache\8412_636159432509650157\Tests_257521630\assembly\dl3\964523f9\d6f778ff_6f49d201\InventoryLib.DLL</FullName>
      <ModuleName>InventoryLib</ModuleName>
      <Files>
        <File uid="1" fullPath="c:\MyDOC\Проекты\C#\Developer\InventoryLib\InventoryLib\InventoryClass.cs" />
        <File uid="2" fullPath="c:\MyDOC\Проекты\C#\Developer\InventoryLib\InventoryLib\Purse.cs" />
        <File uid="3" fullPath="c:\MyDOC\Проекты\C#\Developer\InventoryLib\InventoryLib\TestCheckMoney.cs" />
      </Files>
      <Classes>
        <Class>
          <FullName>&lt;Module&gt;</FullName>
          <Methods />
        </Class>
        <Class>
          <FullName>InventoryLib.InventoryClass</FullName>
          <Methods>
            <Method visited="true" cyclomaticComplexity="2" sequenceCoverage="100" branchCoverage="100" isConstructor="true" isStatic="false" isGetter="false" isSetter="false">
              <MetadataToken>100663307</MetadataToken>
              <Name>System.Void InventoryLib.InventoryClass::.ctor(System.Int32)</Name>
              <FileRef uid="1" />
              <SequencePoints>
                <SequencePoint vc="4" uspid="1" ordinal="0" offset="0" sl="27" sc="3" el="27" ec="34" />
                <SequencePoint vc="4" uspid="2" ordinal="1" offset="7" sl="28" sc="3" el="28" ec="4" />
                <SequencePoint vc="4" uspid="3" ordinal="2" offset="8" sl="29" sc="4" el="29" ec="21" />
                <SequencePoint vc="4" uspid="4" ordinal="3" offset="15" sl="30" sc="4" el="30" ec="35" />
                <SequencePoint vc="4" uspid="5" ordinal="4" offset="26" sl="32" sc="8" el="32" ec="18" />
                <SequencePoint vc="64" uspid="6" ordinal="5" offset="30" sl="32" sc="33" el="32" ec="34" />
                <SequencePoint vc="64" uspid="7" ordinal="6" offset="31" sl="33" sc="5" el="33" ec="26" />
                <SequencePoint vc="64" uspid="8" ordinal="7" offset="44" sl="34" sc="4" el="34" ec="5" />
                <SequencePoint vc="64" uspid="9" ordinal="8" offset="45" sl="32" sc="29" el="32" ec="32" />
                <SequencePoint vc="68" uspid="10" ordinal="9" offset="49" sl="32" sc="19" el="32" ec="27" />
                <SequencePoint vc="4" uspid="11" ordinal="10" offset="57" sl="35" sc="4" el="35" ec="29" />
                <SequencePoint vc="4" uspid="12" ordinal="11" offset="68" sl="36" sc="3" el="36" ec="4" />
              </SequencePoints>
              <BranchPoints>
                <BranchPoint vc="4" uspid="13" ordinal="0" offset="55" path="0" />
                <BranchPoint vc="64" uspid="14" ordinal="1" offset="55" path="1" />
              </BranchPoints>
              <MethodPoint xsi:type="SequencePoint" vc="4" uspid="1" ordinal="0" offset="0" sl="27" sc="3" el="27" ec="34" />
            </Method>
            <Method visited="true" cyclomaticComplexity="6" sequenceCoverage="100" branchCoverage="90" isConstructor="false" isStatic="false" isGetter="false" isSetter="false">
              <MetadataToken>100663308</MetadataToken>
              <Name>System.Int32 InventoryLib.InventoryClass::Add(InventoryLib.IItem)</Name>
              <FileRef uid="1" />
              <SequencePoints>
                <SequencePoint vc="22" uspid="15" ordinal="0" offset="0" sl="45" sc="31" el="45" ec="32" />
                <SequencePoint vc="22" uspid="16" ordinal="1" offset="1" sl="46" sc="4" el="46" ec="32" />
                <SequencePoint vc="22" uspid="17" ordinal="2" offset="8" sl="47" sc="4" el="47" ec="37" />
                <SequencePoint vc="17" uspid="18" ordinal="3" offset="18" sl="48" sc="38" el="48" ec="39" />
                <SequencePoint vc="17" uspid="19" ordinal="4" offset="19" sl="49" sc="5" el="49" ec="59" />
                <SequencePoint vc="16" uspid="20" ordinal="5" offset="42" sl="49" sc="59" el="49" ec="60" />
                <SequencePoint vc="16" uspid="21" ordinal="6" offset="43" sl="50" sc="6" el="50" ec="28" />
                <SequencePoint vc="16" uspid="22" ordinal="7" offset="51" sl="51" sc="6" el="51" ec="14" />
                <SequencePoint vc="16" uspid="23" ordinal="8" offset="53" sl="52" sc="5" el="52" ec="6" />
                <SequencePoint vc="1" uspid="24" ordinal="9" offset="56" sl="52" sc="12" el="52" ec="13" />
                <SequencePoint vc="1" uspid="25" ordinal="10" offset="57" sl="53" sc="6" el="53" ec="58" />
                <SequencePoint vc="1" uspid="26" ordinal="11" offset="73" sl="54" sc="6" el="54" ec="27" />
                <SequencePoint vc="1" uspid="27" ordinal="12" offset="80" sl="55" sc="5" el="55" ec="6" />
                <SequencePoint vc="17" uspid="28" ordinal="13" offset="81" sl="56" sc="5" el="56" ec="32" />
                <SequencePoint vc="17" uspid="29" ordinal="14" offset="89" sl="57" sc="4" el="57" ec="5" />
                <SequencePoint vc="39" uspid="30" ordinal="15" offset="90" sl="48" sc="4" el="48" ec="38" />
                <SequencePoint vc="22" uspid="31" ordinal="16" offset="107" sl="58" sc="4" el="58" ec="16" />
                <SequencePoint vc="5" uspid="32" ordinal="17" offset="115" sl="58" sc="16" el="58" ec="17" />
                <SequencePoint vc="5" uspid="33" ordinal="18" offset="116" sl="59" sc="5" el="59" ec="35" />
                <SequencePoint vc="5" uspid="34" ordinal="19" offset="124" sl="60" sc="5" el="60" ec="24" />
                <SequencePoint vc="5" uspid="35" ordinal="20" offset="132" sl="61" sc="6" el="61" ec="14" />
                <SequencePoint vc="5" uspid="36" ordinal="21" offset="134" sl="62" sc="4" el="62" ec="5" />
                <SequencePoint vc="22" uspid="37" ordinal="22" offset="135" sl="63" sc="4" el="63" ec="15" />
                <SequencePoint vc="22" uspid="38" ordinal="23" offset="139" sl="64" sc="3" el="64" ec="4" />
              </SequencePoints>
              <BranchPoints>
                <BranchPoint vc="16" uspid="39" ordinal="0" offset="40" path="0" />
                <BranchPoint vc="1" uspid="40" ordinal="1" offset="40" path="1" />
                <BranchPoint vc="22" uspid="41" ordinal="2" offset="91" path="0" />
                <BranchPoint vc="17" uspid="42" ordinal="3" offset="91" path="1" />
                <BranchPoint vc="22" uspid="43" ordinal="4" offset="105" path="0" />
                <BranchPoint vc="17" uspid="44" ordinal="5" offset="105" path="1" />
                <BranchPoint vc="5" uspid="45" ordinal="6" offset="113" path="0" />
                <BranchPoint vc="17" uspid="46" ordinal="7" offset="113" path="1" />
                <BranchPoint vc="5" uspid="47" ordinal="8" offset="130" path="0" />
                <BranchPoint vc="0" uspid="48" ordinal="9" offset="130" path="1" />
              </BranchPoints>
              <MethodPoint xsi:type="SequencePoint" vc="22" uspid="15" ordinal="0" offset="0" sl="45" sc="31" el="45" ec="32" />
            </Method>
            <Method visited="true" cyclomaticComplexity="5" sequenceCoverage="56" branchCoverage="62" isConstructor="false" isStatic="false" isGetter="false" isSetter="false">
              <MetadataToken>100663309</MetadataToken>
              <Name>System.Int32 InventoryLib.InventoryClass::Del(InventoryLib.IItem)</Name>
              <FileRef uid="1" />
              <SequencePoints>
                <SequencePoint vc="2" uspid="49" ordinal="0" offset="0" sl="70" sc="31" el="70" ec="32" />
                <SequencePoint vc="2" uspid="50" ordinal="1" offset="1" sl="71" sc="4" el="71" ec="32" />
                <SequencePoint vc="2" uspid="51" ordinal="2" offset="8" sl="72" sc="4" el="72" ec="37" />
                <SequencePoint vc="2" uspid="52" ordinal="3" offset="18" sl="73" sc="38" el="73" ec="39" />
                <SequencePoint vc="2" uspid="53" ordinal="4" offset="19" sl="74" sc="5" el="74" ec="37" />
                <SequencePoint vc="2" uspid="54" ordinal="5" offset="37" sl="74" sc="37" el="74" ec="38" />
                <SequencePoint vc="2" uspid="55" ordinal="6" offset="38" sl="75" sc="6" el="75" ec="30" />
                <SequencePoint vc="2" uspid="56" ordinal="7" offset="46" sl="76" sc="6" el="76" ec="14" />
                <SequencePoint vc="2" uspid="57" ordinal="8" offset="48" sl="77" sc="5" el="77" ec="6" />
                <SequencePoint vc="0" uspid="58" ordinal="9" offset="51" sl="77" sc="12" el="77" ec="13" />
                <SequencePoint vc="0" uspid="59" ordinal="10" offset="52" sl="78" sc="6" el="78" ec="39" />
                <SequencePoint vc="0" uspid="60" ordinal="11" offset="70" sl="78" sc="39" el="78" ec="40" />
                <SequencePoint vc="0" uspid="61" ordinal="12" offset="71" sl="79" sc="7" el="79" ec="22" />
                <SequencePoint vc="0" uspid="62" ordinal="13" offset="73" sl="80" sc="7" el="80" ec="15" />
                <SequencePoint vc="0" uspid="63" ordinal="14" offset="75" sl="81" sc="6" el="81" ec="7" />
                <SequencePoint vc="0" uspid="64" ordinal="15" offset="78" sl="81" sc="13" el="81" ec="14" />
                <SequencePoint vc="0" uspid="65" ordinal="16" offset="79" sl="82" sc="7" el="82" ec="33" />
                <SequencePoint vc="0" uspid="66" ordinal="17" offset="88" sl="83" sc="7" el="83" ec="22" />
                <SequencePoint vc="0" uspid="67" ordinal="18" offset="90" sl="84" sc="6" el="84" ec="7" />
                <SequencePoint vc="0" uspid="68" ordinal="19" offset="91" sl="85" sc="5" el="85" ec="6" />
                <SequencePoint vc="2" uspid="69" ordinal="20" offset="92" sl="86" sc="5" el="86" ec="32" />
                <SequencePoint vc="2" uspid="70" ordinal="21" offset="100" sl="87" sc="4" el="87" ec="5" />
                <SequencePoint vc="4" uspid="71" ordinal="22" offset="101" sl="73" sc="4" el="73" ec="38" />
                <SequencePoint vc="2" uspid="72" ordinal="23" offset="118" sl="88" sc="4" el="88" ec="15" />
                <SequencePoint vc="2" uspid="73" ordinal="24" offset="122" sl="89" sc="3" el="89" ec="4" />
              </SequencePoints>
              <BranchPoints>
                <BranchPoint vc="2" uspid="74" ordinal="0" offset="35" path="0" />
                <BranchPoint vc="0" uspid="75" ordinal="1" offset="35" path="1" />
                <BranchPoint vc="0" uspid="76" ordinal="2" offset="68" path="0" />
                <BranchPoint vc="0" uspid="77" ordinal="3" offset="68" path="1" />
                <BranchPoint vc="2" uspid="78" ordinal="4" offset="102" path="0" />
                <BranchPoint vc="2" uspid="79" ordinal="5" offset="102" path="1" />
                <BranchPoint vc="2" uspid="80" ordinal="6" offset="116" path="0" />
                <BranchPoint vc="2" uspid="81" ordinal="7" offset="116" path="1" />
              </BranchPoints>
              <MethodPoint xsi:type="SequencePoint" vc="2" uspid="49" ordinal="0" offset="0" sl="70" sc="31" el="70" ec="32" />
            </Method>
            <Method visited="true" cyclomaticComplexity="1" sequenceCoverage="100" branchCoverage="100" isConstructor="false" isStatic="false" isGetter="false" isSetter="false">
              <MetadataToken>100663310</MetadataToken>
              <Name>System.Int32 InventoryLib.InventoryClass::SellItem(InventoryLib.IItem)</Name>
              <FileRef uid="1" />
              <SequencePoints>
                <SequencePoint vc="1" uspid="82" ordinal="0" offset="0" sl="95" sc="36" el="95" ec="37" />
                <SequencePoint vc="1" uspid="83" ordinal="1" offset="1" sl="96" sc="4" el="96" ec="26" />
                <SequencePoint vc="1" uspid="84" ordinal="2" offset="9" sl="97" sc="4" el="97" ec="59" />
                <SequencePoint vc="1" uspid="85" ordinal="3" offset="32" sl="98" sc="4" el="98" ec="15" />
                <SequencePoint vc="1" uspid="86" ordinal="4" offset="36" sl="99" sc="3" el="99" ec="4" />
              </SequencePoints>
              <BranchPoints />
              <MethodPoint xsi:type="SequencePoint" vc="1" uspid="82" ordinal="0" offset="0" sl="95" sc="36" el="95" ec="37" />
            </Method>
            <Method visited="true" cyclomaticComplexity="2" sequenceCoverage="90" branchCoverage="50" isConstructor="false" isStatic="false" isGetter="false" isSetter="false">
              <MetadataToken>100663311</MetadataToken>
              <Name>System.Int32 InventoryLib.InventoryClass::BuyItem(InventoryLib.IItem)</Name>
              <FileRef uid="1" />
              <SequencePoints>
                <SequencePoint vc="1" uspid="87" ordinal="0" offset="0" sl="105" sc="35" el="105" ec="36" />
                <SequencePoint vc="1" uspid="88" ordinal="1" offset="1" sl="106" sc="4" el="106" ec="70" />
                <SequencePoint vc="1" uspid="89" ordinal="2" offset="20" sl="107" sc="4" el="107" ec="16" />
                <SequencePoint vc="1" uspid="90" ordinal="3" offset="22" sl="108" sc="4" el="108" ec="23" />
                <SequencePoint vc="1" uspid="91" ordinal="4" offset="33" sl="108" sc="23" el="108" ec="24" />
                <SequencePoint vc="1" uspid="92" ordinal="5" offset="34" sl="109" sc="5" el="109" ec="45" />
                <SequencePoint vc="1" uspid="93" ordinal="6" offset="48" sl="110" sc="5" el="110" ec="62" />
                <SequencePoint vc="1" uspid="94" ordinal="7" offset="71" sl="111" sc="4" el="111" ec="5" />
                <SequencePoint vc="0" uspid="95" ordinal="8" offset="74" sl="113" sc="5" el="113" ec="30" />
                <SequencePoint vc="1" uspid="96" ordinal="9" offset="83" sl="114" sc="4" el="114" ec="15" />
                <SequencePoint vc="1" uspid="97" ordinal="10" offset="87" sl="115" sc="3" el="115" ec="4" />
              </SequencePoints>
              <BranchPoints>
                <BranchPoint vc="1" uspid="98" ordinal="0" offset="31" path="0" />
                <BranchPoint vc="0" uspid="99" ordinal="1" offset="31" path="1" />
              </BranchPoints>
              <MethodPoint xsi:type="SequencePoint" vc="1" uspid="87" ordinal="0" offset="0" sl="105" sc="35" el="105" ec="36" />
            </Method>
            <Method visited="true" cyclomaticComplexity="1" sequenceCoverage="100" branchCoverage="100" isConstructor="false" isStatic="false" isGetter="false" isSetter="false">
              <MetadataToken>100663312</MetadataToken>
              <Name>System.Single InventoryLib.InventoryClass::getMoney()</Name>
              <FileRef uid="1" />
              <SequencePoints>
                <SequencePoint vc="1" uspid="100" ordinal="0" offset="0" sl="120" sc="26" el="120" ec="27" />
                <SequencePoint vc="1" uspid="101" ordinal="1" offset="1" sl="121" sc="4" el="121" ec="33" />
                <SequencePoint vc="1" uspid="102" ordinal="2" offset="15" sl="122" sc="3" el="122" ec="4" />
              </SequencePoints>
              <BranchPoints />
              <MethodPoint xsi:type="SequencePoint" vc="1" uspid="100" ordinal="0" offset="0" sl="120" sc="26" el="120" ec="27" />
            </Method>
            <Method visited="true" cyclomaticComplexity="1" sequenceCoverage="100" branchCoverage="100" isConstructor="false" isStatic="false" isGetter="false" isSetter="false">
              <MetadataToken>100663313</MetadataToken>
              <Name>System.Void InventoryLib.InventoryClass::addMoney(System.Single)</Name>
              <FileRef uid="1" />
              <SequencePoints>
                <SequencePoint vc="1" uspid="103" ordinal="0" offset="0" sl="128" sc="36" el="128" ec="37" />
                <SequencePoint vc="1" uspid="104" ordinal="1" offset="1" sl="129" sc="4" el="129" ec="31" />
                <SequencePoint vc="1" uspid="105" ordinal="2" offset="14" sl="130" sc="3" el="130" ec="4" />
              </SequencePoints>
              <BranchPoints />
              <MethodPoint xsi:type="SequencePoint" vc="1" uspid="103" ordinal="0" offset="0" sl="128" sc="36" el="128" ec="37" />
            </Method>
            <Method visited="true" cyclomaticComplexity="1" sequenceCoverage="100" branchCoverage="100" isConstructor="false" isStatic="false" isGetter="false" isSetter="false">
              <MetadataToken>100663314</MetadataToken>
              <Name>System.Void InventoryLib.InventoryClass::minusMoney(System.Single)</Name>
              <FileRef uid="1" />
              <SequencePoints>
                <SequencePoint vc="1" uspid="106" ordinal="0" offset="0" sl="135" sc="38" el="135" ec="39" />
                <SequencePoint vc="1" uspid="107" ordinal="1" offset="1" sl="136" sc="4" el="136" ec="33" />
                <SequencePoint vc="1" uspid="108" ordinal="2" offset="14" sl="137" sc="3" el="137" ec="4" />
              </SequencePoints>
              <BranchPoints />
              <MethodPoint xsi:type="SequencePoint" vc="1" uspid="106" ordinal="0" offset="0" sl="135" sc="38" el="135" ec="39" />
            </Method>
            <Method visited="true" cyclomaticComplexity="3" sequenceCoverage="100" branchCoverage="100" isConstructor="false" isStatic="false" isGetter="false" isSetter="false">
              <MetadataToken>100663315</MetadataToken>
              <Name>System.Int32 InventoryLib.InventoryClass::getCount()</Name>
              <FileRef uid="1" />
              <SequencePoints>
                <SequencePoint vc="6" uspid="109" ordinal="0" offset="0" sl="142" sc="24" el="142" ec="25" />
                <SequencePoint vc="6" uspid="110" ordinal="1" offset="1" sl="143" sc="4" el="143" ec="16" />
                <SequencePoint vc="6" uspid="111" ordinal="2" offset="3" sl="144" sc="4" el="144" ec="11" />
                <SequencePoint vc="6" uspid="112" ordinal="3" offset="4" sl="144" sc="26" el="144" ec="36" />
                <SequencePoint vc="96" uspid="113" ordinal="4" offset="18" sl="144" sc="12" el="144" ec="22" />
                <SequencePoint vc="96" uspid="114" ordinal="5" offset="26" sl="144" sc="37" el="144" ec="38" />
                <SequencePoint vc="96" uspid="115" ordinal="6" offset="27" sl="145" sc="5" el="145" ec="21" />
                <SequencePoint vc="2" uspid="116" ordinal="7" offset="37" sl="146" sc="6" el="146" ec="12" />
                <SequencePoint vc="96" uspid="117" ordinal="8" offset="41" sl="147" sc="4" el="147" ec="5" />
                <SequencePoint vc="102" uspid="118" ordinal="9" offset="42" sl="144" sc="23" el="144" ec="25" />
                <SequencePoint vc="6" uspid="119" ordinal="10" offset="73" sl="148" sc="4" el="148" ec="15" />
                <SequencePoint vc="6" uspid="120" ordinal="11" offset="77" sl="149" sc="3" el="149" ec="4" />
              </SequencePoints>
              <BranchPoints>
                <BranchPoint vc="2" uspid="121" ordinal="0" offset="35" path="0" />
                <BranchPoint vc="94" uspid="122" ordinal="1" offset="35" path="1" />
                <BranchPoint vc="6" uspid="123" ordinal="2" offset="53" path="0" />
                <BranchPoint vc="96" uspid="124" ordinal="3" offset="53" path="1" />
              </BranchPoints>
              <MethodPoint xsi:type="SequencePoint" vc="6" uspid="109" ordinal="0" offset="0" sl="142" sc="24" el="142" ec="25" />
            </Method>
            <Method visited="true" cyclomaticComplexity="1" sequenceCoverage="100" branchCoverage="100" isConstructor="false" isStatic="false" isGetter="false" isSetter="false">
              <MetadataToken>100663316</MetadataToken>
              <Name>InventoryLib.IItem InventoryLib.InventoryClass::getElement(System.Int32)</Name>
              <FileRef uid="1" />
              <SequencePoints>
                <SequencePoint vc="4" uspid="125" ordinal="0" offset="0" sl="155" sc="35" el="155" ec="36" />
                <SequencePoint vc="4" uspid="126" ordinal="1" offset="1" sl="156" sc="4" el="156" ec="27" />
                <SequencePoint vc="4" uspid="127" ordinal="2" offset="16" sl="157" sc="3" el="157" ec="4" />
              </SequencePoints>
              <BranchPoints />
              <MethodPoint xsi:type="SequencePoint" vc="4" uspid="125" ordinal="0" offset="0" sl="155" sc="35" el="155" ec="36" />
            </Method>
            <Method visited="true" cyclomaticComplexity="6" sequenceCoverage="71" branchCoverage="28" isConstructor="false" isStatic="false" isGetter="false" isSetter="false">
              <MetadataToken>100663317</MetadataToken>
              <Name>System.Void InventoryLib.InventoryClass::Sort(SortType)</Name>
              <FileRef uid="1" />
              <SequencePoints>
                <SequencePoint vc="1" uspid="128" ordinal="0" offset="0" sl="159" sc="32" el="159" ec="33" />
                <SequencePoint vc="1" uspid="129" ordinal="1" offset="1" sl="160" sc="4" el="160" ec="14" />
                <SequencePoint vc="1" uspid="130" ordinal="2" offset="19" sl="162" sc="6" el="168" ec="9" />
                <SequencePoint vc="1" uspid="131" ordinal="3" offset="62" sl="169" sc="6" el="169" ec="12" />
                <SequencePoint vc="0" uspid="132" ordinal="4" offset="64" sl="171" sc="6" el="177" ec="9" />
                <SequencePoint vc="0" uspid="133" ordinal="5" offset="107" sl="178" sc="6" el="178" ec="12" />
                <SequencePoint vc="1" uspid="134" ordinal="6" offset="109" sl="180" sc="3" el="180" ec="4" />
              </SequencePoints>
              <BranchPoints>
                <BranchPoint vc="0" uspid="135" ordinal="0" offset="4" path="0" />
                <BranchPoint vc="1" uspid="136" ordinal="1" offset="4" path="1" />
                <BranchPoint vc="0" uspid="137" ordinal="2" offset="4" path="2" />
                <BranchPoint vc="1" uspid="138" ordinal="3" offset="30" path="0" />
                <BranchPoint vc="0" uspid="139" ordinal="4" offset="30" path="1" />
                <BranchPoint vc="0" uspid="140" ordinal="5" offset="75" path="0" />
                <BranchPoint vc="0" uspid="141" ordinal="6" offset="75" path="1" />
              </BranchPoints>
              <MethodPoint xsi:type="SequencePoint" vc="1" uspid="128" ordinal="0" offset="0" sl="159" sc="32" el="159" ec="33" />
            </Method>
            <Method visited="false" cyclomaticComplexity="2" sequenceCoverage="0" branchCoverage="0" isConstructor="false" isStatic="false" isGetter="false" isSetter="false">
              <MetadataToken>100663318</MetadataToken>
              <Name>System.Void InventoryLib.InventoryClass::renullInventory()</Name>
              <FileRef uid="1" />
              <SequencePoints>
                <SequencePoint vc="0" uspid="142" ordinal="0" offset="0" sl="184" sc="32" el="184" ec="33" />
                <SequencePoint vc="0" uspid="143" ordinal="1" offset="1" sl="185" sc="4" el="185" ec="23" />
                <SequencePoint vc="0" uspid="144" ordinal="2" offset="13" sl="186" sc="8" el="186" ec="18" />
                <SequencePoint vc="0" uspid="145" ordinal="3" offset="17" sl="186" sc="33" el="186" ec="34" />
                <SequencePoint vc="0" uspid="146" ordinal="4" offset="18" sl="187" sc="5" el="187" ec="26" />
                <SequencePoint vc="0" uspid="147" ordinal="5" offset="31" sl="188" sc="4" el="188" ec="5" />
                <SequencePoint vc="0" uspid="148" ordinal="6" offset="32" sl="186" sc="29" el="186" ec="32" />
                <SequencePoint vc="0" uspid="149" ordinal="7" offset="36" sl="186" sc="19" el="186" ec="27" />
                <SequencePoint vc="0" uspid="150" ordinal="8" offset="49" sl="189" sc="3" el="189" ec="4" />
              </SequencePoints>
              <BranchPoints>
                <BranchPoint vc="0" uspid="151" ordinal="0" offset="47" path="0" />
                <BranchPoint vc="0" uspid="152" ordinal="1" offset="47" path="1" />
              </BranchPoints>
              <MethodPoint xsi:type="SequencePoint" vc="0" uspid="142" ordinal="0" offset="0" sl="184" sc="32" el="184" ec="33" />
            </Method>
            <Method visited="true" cyclomaticComplexity="5" sequenceCoverage="21" branchCoverage="12" isConstructor="false" isStatic="false" isGetter="false" isSetter="false">
              <MetadataToken>100663319</MetadataToken>
              <Name>System.Int32 InventoryLib.InventoryClass::checkMoney(System.Int32,System.Single)</Name>
              <FileRef uid="1" />
              <SequencePoints>
                <SequencePoint vc="1" uspid="153" ordinal="0" offset="0" sl="199" sc="53" el="199" ec="54" />
                <SequencePoint vc="1" uspid="154" ordinal="1" offset="1" sl="200" sc="4" el="200" ec="44" />
                <SequencePoint vc="1" uspid="155" ordinal="2" offset="25" sl="201" sc="5" el="201" ec="18" />
                <SequencePoint vc="0" uspid="156" ordinal="3" offset="29" sl="202" sc="8" el="202" ec="9" />
                <SequencePoint vc="0" uspid="157" ordinal="4" offset="30" sl="203" sc="5" el="203" ec="37" />
                <SequencePoint vc="0" uspid="158" ordinal="5" offset="51" sl="203" sc="37" el="203" ec="38" />
                <SequencePoint vc="0" uspid="159" ordinal="6" offset="52" sl="204" sc="6" el="204" ec="23" />
                <SequencePoint vc="0" uspid="160" ordinal="7" offset="54" sl="205" sc="10" el="205" ec="20" />
                <SequencePoint vc="0" uspid="161" ordinal="8" offset="58" sl="205" sc="36" el="205" ec="37" />
                <SequencePoint vc="0" uspid="162" ordinal="9" offset="59" sl="206" sc="7" el="206" ec="46" />
                <SequencePoint vc="0" uspid="163" ordinal="10" offset="80" sl="207" sc="8" el="207" ec="14" />
                <SequencePoint vc="0" uspid="164" ordinal="11" offset="82" sl="208" sc="7" el="208" ec="18" />
                <SequencePoint vc="0" uspid="165" ordinal="12" offset="86" sl="209" sc="6" el="209" ec="7" />
                <SequencePoint vc="0" uspid="166" ordinal="13" offset="87" sl="205" sc="32" el="205" ec="35" />
                <SequencePoint vc="0" uspid="167" ordinal="14" offset="91" sl="205" sc="21" el="205" ec="30" />
                <SequencePoint vc="0" uspid="168" ordinal="15" offset="99" sl="210" sc="6" el="210" ec="22" />
                <SequencePoint vc="0" uspid="169" ordinal="16" offset="103" sl="212" sc="9" el="212" ec="10" />
                <SequencePoint vc="0" uspid="170" ordinal="17" offset="104" sl="213" sc="6" el="213" ec="15" />
                <SequencePoint vc="1" uspid="171" ordinal="18" offset="108" sl="216" sc="3" el="216" ec="4" />
              </SequencePoints>
              <BranchPoints>
                <BranchPoint vc="1" uspid="172" ordinal="0" offset="23" path="0" />
                <BranchPoint vc="0" uspid="173" ordinal="1" offset="23" path="1" />
                <BranchPoint vc="0" uspid="174" ordinal="2" offset="49" path="0" />
                <BranchPoint vc="0" uspid="175" ordinal="3" offset="49" path="1" />
                <BranchPoint vc="0" uspid="176" ordinal="4" offset="78" path="0" />
                <BranchPoint vc="0" uspid="177" ordinal="5" offset="78" path="1" />
                <BranchPoint vc="0" uspid="178" ordinal="6" offset="97" path="0" />
                <BranchPoint vc="0" uspid="179" ordinal="7" offset="97" path="1" />
              </BranchPoints>
              <MethodPoint xsi:type="SequencePoint" vc="1" uspid="153" ordinal="0" offset="0" sl="199" sc="53" el="199" ec="54" />
            </Method>
            <Method visited="true" cyclomaticComplexity="3" sequenceCoverage="92" branchCoverage="75" isConstructor="false" isStatic="false" isGetter="false" isSetter="false">
              <MetadataToken>100663320</MetadataToken>
              <Name>System.Int32 InventoryLib.InventoryClass::findEmpty()</Name>
              <FileRef uid="1" />
              <SequencePoints>
                <SequencePoint vc="5" uspid="180" ordinal="0" offset="0" sl="221" sc="25" el="221" ec="26" />
                <SequencePoint vc="5" uspid="181" ordinal="1" offset="1" sl="222" sc="4" el="222" ec="16" />
                <SequencePoint vc="5" uspid="182" ordinal="2" offset="3" sl="223" sc="4" el="223" ec="11" />
                <SequencePoint vc="5" uspid="183" ordinal="3" offset="4" sl="223" sc="26" el="223" ec="31" />
                <SequencePoint vc="6" uspid="184" ordinal="4" offset="18" sl="223" sc="12" el="223" ec="22" />
                <SequencePoint vc="6" uspid="185" ordinal="5" offset="26" sl="223" sc="32" el="223" ec="33" />
                <SequencePoint vc="6" uspid="186" ordinal="6" offset="27" sl="224" sc="5" el="224" ec="21" />
                <SequencePoint vc="5" uspid="187" ordinal="7" offset="40" sl="225" sc="6" el="225" ec="17" />
                <SequencePoint vc="1" uspid="188" ordinal="8" offset="44" sl="226" sc="5" el="226" ec="11" />
                <SequencePoint vc="1" uspid="189" ordinal="9" offset="48" sl="227" sc="4" el="227" ec="5" />
                <SequencePoint vc="6" uspid="190" ordinal="10" offset="49" sl="223" sc="23" el="223" ec="25" />
                <SequencePoint vc="0" uspid="191" ordinal="11" offset="80" sl="228" sc="4" el="228" ec="14" />
                <SequencePoint vc="5" uspid="192" ordinal="12" offset="85" sl="229" sc="3" el="229" ec="4" />
              </SequencePoints>
              <BranchPoints>
                <BranchPoint vc="5" uspid="193" ordinal="0" offset="38" path="0" />
                <BranchPoint vc="1" uspid="194" ordinal="1" offset="38" path="1" />
                <BranchPoint vc="0" uspid="195" ordinal="2" offset="60" path="0" />
                <BranchPoint vc="6" uspid="196" ordinal="3" offset="60" path="1" />
              </BranchPoints>
              <MethodPoint xsi:type="SequencePoint" vc="5" uspid="180" ordinal="0" offset="0" sl="221" sc="25" el="221" ec="26" />
            </Method>
            <Method visited="true" cyclomaticComplexity="6" sequenceCoverage="90" branchCoverage="80" isConstructor="false" isStatic="false" isGetter="false" isSetter="false">
              <MetadataToken>100663321</MetadataToken>
              <Name>InventoryLib.IItem InventoryLib.InventoryClass::findItem(InventoryLib.IItem)</Name>
              <FileRef uid="1" />
              <SequencePoints>
                <SequencePoint vc="43" uspid="197" ordinal="0" offset="0" sl="235" sc="39" el="235" ec="40" />
                <SequencePoint vc="43" uspid="198" ordinal="1" offset="1" sl="236" sc="4" el="236" ec="11" />
                <SequencePoint vc="43" uspid="199" ordinal="2" offset="2" sl="236" sc="26" el="236" ec="31" />
                <SequencePoint vc="118" uspid="200" ordinal="3" offset="16" sl="236" sc="12" el="236" ec="22" />
                <SequencePoint vc="118" uspid="201" ordinal="4" offset="24" sl="236" sc="32" el="236" ec="33" />
                <SequencePoint vc="118" uspid="202" ordinal="5" offset="25" sl="237" sc="5" el="237" ec="21" />
                <SequencePoint vc="39" uspid="203" ordinal="6" offset="33" sl="237" sc="21" el="237" ec="22" />
                <SequencePoint vc="39" uspid="204" ordinal="7" offset="34" sl="238" sc="6" el="238" ec="29" />
                <SequencePoint vc="38" uspid="205" ordinal="8" offset="48" sl="238" sc="29" el="238" ec="30" />
                <SequencePoint vc="38" uspid="206" ordinal="9" offset="49" sl="239" sc="7" el="239" ec="28" />
                <SequencePoint vc="38" uspid="207" ordinal="10" offset="62" sl="239" sc="28" el="239" ec="29" />
                <SequencePoint vc="38" uspid="208" ordinal="11" offset="63" sl="240" sc="8" el="240" ec="52" />
                <SequencePoint vc="38" uspid="209" ordinal="12" offset="84" sl="240" sc="52" el="240" ec="53" />
                <SequencePoint vc="38" uspid="210" ordinal="13" offset="85" sl="241" sc="9" el="241" ec="21" />
                <SequencePoint vc="0" uspid="211" ordinal="14" offset="89" sl="243" sc="7" el="243" ec="8" />
                <SequencePoint vc="0" uspid="212" ordinal="15" offset="90" sl="244" sc="6" el="244" ec="7" />
                <SequencePoint vc="1" uspid="213" ordinal="16" offset="91" sl="245" sc="5" el="245" ec="6" />
                <SequencePoint vc="80" uspid="214" ordinal="17" offset="92" sl="246" sc="4" el="246" ec="5" />
                <SequencePoint vc="123" uspid="215" ordinal="18" offset="93" sl="236" sc="23" el="236" ec="25" />
                <SequencePoint vc="5" uspid="216" ordinal="19" offset="122" sl="247" sc="4" el="247" ec="16" />
                <SequencePoint vc="43" uspid="217" ordinal="20" offset="127" sl="248" sc="3" el="248" ec="4" />
              </SequencePoints>
              <BranchPoints>
                <BranchPoint vc="39" uspid="218" ordinal="0" offset="31" path="0" />
                <BranchPoint vc="79" uspid="219" ordinal="1" offset="31" path="1" />
                <BranchPoint vc="38" uspid="220" ordinal="2" offset="46" path="0" />
                <BranchPoint vc="1" uspid="221" ordinal="3" offset="46" path="1" />
                <BranchPoint vc="38" uspid="222" ordinal="4" offset="60" path="0" />
                <BranchPoint vc="0" uspid="223" ordinal="5" offset="60" path="1" />
                <BranchPoint vc="38" uspid="224" ordinal="6" offset="82" path="0" />
                <BranchPoint vc="0" uspid="225" ordinal="7" offset="82" path="1" />
                <BranchPoint vc="5" uspid="226" ordinal="8" offset="102" path="0" />
                <BranchPoint vc="118" uspid="227" ordinal="9" offset="102" path="1" />
              </BranchPoints>
              <MethodPoint xsi:type="SequencePoint" vc="43" uspid="197" ordinal="0" offset="0" sl="235" sc="39" el="235" ec="40" />
            </Method>
            <Method visited="true" cyclomaticComplexity="2" sequenceCoverage="87" branchCoverage="50" isConstructor="false" isStatic="false" isGetter="false" isSetter="false">
              <MetadataToken>100663322</MetadataToken>
              <Name>InventoryLib.IItem InventoryLib.InventoryClass::findAddItem(InventoryLib.IItem)</Name>
              <FileRef uid="1" />
              <SequencePoints>
                <SequencePoint vc="5" uspid="228" ordinal="0" offset="0" sl="254" sc="42" el="254" ec="43" />
                <SequencePoint vc="5" uspid="229" ordinal="1" offset="1" sl="255" sc="4" el="255" ec="30" />
                <SequencePoint vc="5" uspid="230" ordinal="2" offset="22" sl="255" sc="30" el="255" ec="31" />
                <SequencePoint vc="5" uspid="231" ordinal="3" offset="23" sl="256" sc="5" el="256" ec="35" />
                <SequencePoint vc="5" uspid="232" ordinal="4" offset="30" sl="257" sc="5" el="257" ec="66" />
                <SequencePoint vc="5" uspid="233" ordinal="5" offset="55" sl="258" sc="5" el="258" ec="36" />
                <SequencePoint vc="0" uspid="234" ordinal="6" offset="70" sl="260" sc="4" el="260" ec="16" />
                <SequencePoint vc="5" uspid="235" ordinal="7" offset="74" sl="261" sc="3" el="261" ec="4" />
              </SequencePoints>
              <BranchPoints>
                <BranchPoint vc="5" uspid="236" ordinal="0" offset="20" path="0" />
                <BranchPoint vc="0" uspid="237" ordinal="1" offset="20" path="1" />
              </BranchPoints>
              <MethodPoint xsi:type="SequencePoint" vc="5" uspid="228" ordinal="0" offset="0" sl="254" sc="42" el="254" ec="43" />
            </Method>
            <Method visited="true" cyclomaticComplexity="5" sequenceCoverage="87" branchCoverage="87" isConstructor="false" isStatic="true" isGetter="false" isSetter="false">
              <MetadataToken>100663323</MetadataToken>
              <Name>System.Int32 InventoryLib.InventoryClass::&lt;Sort&gt;b__0(InventoryLib.IItem,InventoryLib.IItem)</Name>
              <FileRef uid="1" />
              <SequencePoints>
                <SequencePoint vc="80" uspid="238" ordinal="0" offset="0" sl="163" sc="6" el="163" ec="7" />
                <SequencePoint vc="80" uspid="239" ordinal="1" offset="1" sl="164" sc="7" el="164" ec="33" />
                <SequencePoint vc="61" uspid="240" ordinal="2" offset="18" sl="164" sc="34" el="164" ec="43" />
                <SequencePoint vc="19" uspid="241" ordinal="3" offset="22" sl="165" sc="12" el="165" ec="26" />
                <SequencePoint vc="0" uspid="242" ordinal="4" offset="33" sl="165" sc="27" el="165" ec="36" />
                <SequencePoint vc="19" uspid="243" ordinal="5" offset="37" sl="166" sc="12" el="166" ec="26" />
                <SequencePoint vc="15" uspid="244" ordinal="6" offset="48" sl="166" sc="27" el="166" ec="37" />
                <SequencePoint vc="4" uspid="245" ordinal="7" offset="52" sl="167" sc="12" el="167" ec="54" />
              </SequencePoints>
              <BranchPoints>
                <BranchPoint vc="61" uspid="246" ordinal="0" offset="2" path="0" />
                <BranchPoint vc="19" uspid="247" ordinal="1" offset="2" path="1" />
                <BranchPoint vc="61" uspid="248" ordinal="2" offset="16" path="0" />
                <BranchPoint vc="19" uspid="249" ordinal="3" offset="16" path="1" />
                <BranchPoint vc="0" uspid="250" ordinal="4" offset="31" path="0" />
                <BranchPoint vc="19" uspid="251" ordinal="5" offset="31" path="1" />
                <BranchPoint vc="15" uspid="252" ordinal="6" offset="46" path="0" />
                <BranchPoint vc="4" uspid="253" ordinal="7" offset="46" path="1" />
              </BranchPoints>
              <MethodPoint xsi:type="SequencePoint" vc="80" uspid="238" ordinal="0" offset="0" sl="163" sc="6" el="163" ec="7" />
            </Method>
            <Method visited="false" cyclomaticComplexity="5" sequenceCoverage="0" branchCoverage="0" isConstructor="false" isStatic="true" isGetter="false" isSetter="false">
              <MetadataToken>100663324</MetadataToken>
              <Name>System.Int32 InventoryLib.InventoryClass::&lt;Sort&gt;b__1(InventoryLib.IItem,InventoryLib.IItem)</Name>
              <FileRef uid="1" />
              <SequencePoints>
                <SequencePoint vc="0" uspid="254" ordinal="0" offset="0" sl="172" sc="6" el="172" ec="7" />
                <SequencePoint vc="0" uspid="255" ordinal="1" offset="1" sl="173" sc="7" el="173" ec="33" />
                <SequencePoint vc="0" uspid="256" ordinal="2" offset="18" sl="173" sc="34" el="173" ec="43" />
                <SequencePoint vc="0" uspid="257" ordinal="3" offset="22" sl="174" sc="12" el="174" ec="26" />
                <SequencePoint vc="0" uspid="258" ordinal="4" offset="33" sl="174" sc="27" el="174" ec="36" />
                <SequencePoint vc="0" uspid="259" ordinal="5" offset="37" sl="175" sc="12" el="175" ec="26" />
                <SequencePoint vc="0" uspid="260" ordinal="6" offset="48" sl="175" sc="27" el="175" ec="37" />
                <SequencePoint vc="0" uspid="261" ordinal="7" offset="52" sl="176" sc="12" el="176" ec="66" />
              </SequencePoints>
              <BranchPoints>
                <BranchPoint vc="0" uspid="262" ordinal="0" offset="2" path="0" />
                <BranchPoint vc="0" uspid="263" ordinal="1" offset="2" path="1" />
                <BranchPoint vc="0" uspid="264" ordinal="2" offset="16" path="0" />
                <BranchPoint vc="0" uspid="265" ordinal="3" offset="16" path="1" />
                <BranchPoint vc="0" uspid="266" ordinal="4" offset="31" path="0" />
                <BranchPoint vc="0" uspid="267" ordinal="5" offset="31" path="1" />
                <BranchPoint vc="0" uspid="268" ordinal="6" offset="46" path="0" />
                <BranchPoint vc="0" uspid="269" ordinal="7" offset="46" path="1" />
              </BranchPoints>
              <MethodPoint xsi:type="SequencePoint" vc="0" uspid="254" ordinal="0" offset="0" sl="172" sc="6" el="172" ec="7" />
            </Method>
          </Methods>
        </Class>
        <Class>
          <FullName>InventoryLib.Purse</FullName>
          <Methods>
            <Method visited="true" cyclomaticComplexity="1" sequenceCoverage="100" branchCoverage="100" isConstructor="false" isStatic="false" isGetter="true" isSetter="false">
              <MetadataToken>100663325</MetadataToken>
              <Name>System.Single InventoryLib.Purse::get_CountMoney()</Name>
              <FileRef uid="2" />
              <SequencePoints>
                <SequencePoint vc="5" uspid="270" ordinal="0" offset="0" sl="18" sc="8" el="18" ec="9" />
                <SequencePoint vc="5" uspid="271" ordinal="1" offset="1" sl="18" sc="10" el="18" ec="34" />
                <SequencePoint vc="5" uspid="272" ordinal="2" offset="10" sl="18" sc="35" el="18" ec="36" />
              </SequencePoints>
              <BranchPoints />
              <MethodPoint xsi:type="SequencePoint" vc="5" uspid="270" ordinal="0" offset="0" sl="18" sc="8" el="18" ec="9" />
            </Method>
            <Method visited="true" cyclomaticComplexity="1" sequenceCoverage="100" branchCoverage="100" isConstructor="false" isStatic="false" isGetter="false" isSetter="true">
              <MetadataToken>100663326</MetadataToken>
              <Name>System.Void InventoryLib.Purse::set_CountMoney(System.Single)</Name>
              <FileRef uid="2" />
              <SequencePoints>
                <SequencePoint vc="6" uspid="273" ordinal="0" offset="0" sl="19" sc="16" el="19" ec="17" />
                <SequencePoint vc="6" uspid="274" ordinal="1" offset="1" sl="19" sc="18" el="19" ec="43" />
                <SequencePoint vc="6" uspid="275" ordinal="2" offset="8" sl="19" sc="44" el="19" ec="45" />
              </SequencePoints>
              <BranchPoints />
              <MethodPoint xsi:type="SequencePoint" vc="6" uspid="273" ordinal="0" offset="0" sl="19" sc="16" el="19" ec="17" />
            </Method>
            <Method visited="true" cyclomaticComplexity="1" sequenceCoverage="100" branchCoverage="100" isConstructor="true" isStatic="false" isGetter="false" isSetter="false">
              <MetadataToken>100663327</MetadataToken>
              <Name>System.Void InventoryLib.Purse::.ctor()</Name>
              <FileRef uid="2" />
              <SequencePoints>
                <SequencePoint vc="4" uspid="276" ordinal="0" offset="0" sl="21" sc="3" el="21" ec="17" />
                <SequencePoint vc="4" uspid="277" ordinal="1" offset="7" sl="22" sc="3" el="22" ec="4" />
                <SequencePoint vc="4" uspid="278" ordinal="2" offset="8" sl="23" sc="4" el="23" ec="24" />
                <SequencePoint vc="4" uspid="279" ordinal="3" offset="20" sl="24" sc="3" el="24" ec="4" />
              </SequencePoints>
              <BranchPoints />
              <MethodPoint xsi:type="SequencePoint" vc="4" uspid="276" ordinal="0" offset="0" sl="21" sc="3" el="21" ec="17" />
            </Method>
            <Method visited="true" cyclomaticComplexity="2" sequenceCoverage="100" branchCoverage="50" isConstructor="false" isStatic="false" isGetter="false" isSetter="false">
              <MetadataToken>100663328</MetadataToken>
              <Name>System.Void InventoryLib.Purse::AddMoney(System.Single)</Name>
              <FileRef uid="2" />
              <SequencePoints>
                <SequencePoint vc="1" uspid="280" ordinal="0" offset="0" sl="26" sc="34" el="26" ec="35" />
                <SequencePoint vc="1" uspid="281" ordinal="1" offset="1" sl="27" sc="4" el="27" ec="15" />
                <SequencePoint vc="1" uspid="282" ordinal="2" offset="16" sl="28" sc="5" el="28" ec="28" />
                <SequencePoint vc="1" uspid="283" ordinal="3" offset="31" sl="29" sc="3" el="29" ec="4" />
              </SequencePoints>
              <BranchPoints>
                <BranchPoint vc="1" uspid="284" ordinal="0" offset="14" path="0" />
                <BranchPoint vc="0" uspid="285" ordinal="1" offset="14" path="1" />
              </BranchPoints>
              <MethodPoint xsi:type="SequencePoint" vc="1" uspid="280" ordinal="0" offset="0" sl="26" sc="34" el="26" ec="35" />
            </Method>
            <Method visited="true" cyclomaticComplexity="3" sequenceCoverage="100" branchCoverage="50" isConstructor="false" isStatic="false" isGetter="false" isSetter="false">
              <MetadataToken>100663329</MetadataToken>
              <Name>System.Void InventoryLib.Purse::MinusMoney(System.Single)</Name>
              <FileRef uid="2" />
              <SequencePoints>
                <SequencePoint vc="1" uspid="286" ordinal="0" offset="0" sl="31" sc="36" el="31" ec="37" />
                <SequencePoint vc="1" uspid="287" ordinal="1" offset="1" sl="32" sc="4" el="32" ec="38" />
                <SequencePoint vc="1" uspid="288" ordinal="2" offset="32" sl="33" sc="5" el="33" ec="28" />
                <SequencePoint vc="1" uspid="289" ordinal="3" offset="47" sl="34" sc="3" el="34" ec="4" />
              </SequencePoints>
              <BranchPoints>
                <BranchPoint vc="1" uspid="290" ordinal="0" offset="7" path="0" />
                <BranchPoint vc="0" uspid="291" ordinal="1" offset="7" path="1" />
                <BranchPoint vc="1" uspid="292" ordinal="2" offset="30" path="0" />
                <BranchPoint vc="0" uspid="293" ordinal="3" offset="30" path="1" />
              </BranchPoints>
              <MethodPoint xsi:type="SequencePoint" vc="1" uspid="286" ordinal="0" offset="0" sl="31" sc="36" el="31" ec="37" />
            </Method>
          </Methods>
        </Class>
        <Class>
          <FullName>InventoryLib.TestItem</FullName>
          <Methods>
            <Method visited="true" cyclomaticComplexity="1" sequenceCoverage="100" branchCoverage="100" isConstructor="true" isStatic="false" isGetter="false" isSetter="false">
              <MetadataToken>100663330</MetadataToken>
              <Name>System.Void InventoryLib.TestItem::.ctor()</Name>
              <FileRef uid="3" />
              <SequencePoints>
                <SequencePoint vc="3" uspid="294" ordinal="0" offset="0" sl="23" sc="3" el="23" ec="20" />
                <SequencePoint vc="3" uspid="295" ordinal="1" offset="7" sl="23" sc="20" el="23" ec="21" />
                <SequencePoint vc="3" uspid="296" ordinal="2" offset="8" sl="24" sc="4" el="24" ec="16" />
                <SequencePoint vc="3" uspid="297" ordinal="3" offset="15" sl="25" sc="4" el="25" ec="19" />
                <SequencePoint vc="3" uspid="298" ordinal="4" offset="26" sl="26" sc="4" el="26" ec="19" />
                <SequencePoint vc="3" uspid="299" ordinal="5" offset="33" sl="27" sc="4" el="27" ec="23" />
                <SequencePoint vc="3" uspid="300" ordinal="6" offset="41" sl="28" sc="4" el="28" ec="24" />
                <SequencePoint vc="3" uspid="301" ordinal="7" offset="48" sl="29" sc="4" el="29" ec="35" />
                <SequencePoint vc="3" uspid="302" ordinal="8" offset="55" sl="30" sc="3" el="30" ec="4" />
              </SequencePoints>
              <BranchPoints />
              <MethodPoint xsi:type="SequencePoint" vc="3" uspid="294" ordinal="0" offset="0" sl="23" sc="3" el="23" ec="20" />
            </Method>
            <Method visited="true" cyclomaticComplexity="1" sequenceCoverage="100" branchCoverage="100" isConstructor="true" isStatic="false" isGetter="false" isSetter="false">
              <MetadataToken>100663331</MetadataToken>
              <Name>System.Void InventoryLib.TestItem::.ctor(InventoryLib.TestItem)</Name>
              <FileRef uid="3" />
              <SequencePoints>
                <SequencePoint vc="2" uspid="303" ordinal="0" offset="0" sl="32" sc="3" el="32" ec="33" />
                <SequencePoint vc="2" uspid="304" ordinal="1" offset="7" sl="32" sc="33" el="32" ec="34" />
                <SequencePoint vc="2" uspid="305" ordinal="2" offset="8" sl="33" sc="4" el="33" ec="22" />
                <SequencePoint vc="2" uspid="306" ordinal="3" offset="20" sl="34" sc="4" el="34" ec="26" />
                <SequencePoint vc="2" uspid="307" ordinal="4" offset="32" sl="35" sc="4" el="35" ec="28" />
                <SequencePoint vc="2" uspid="308" ordinal="5" offset="44" sl="36" sc="4" el="36" ec="34" />
                <SequencePoint vc="2" uspid="309" ordinal="6" offset="56" sl="37" sc="4" el="37" ec="32" />
                <SequencePoint vc="2" uspid="310" ordinal="7" offset="68" sl="38" sc="4" el="38" ec="28" />
                <SequencePoint vc="2" uspid="311" ordinal="8" offset="80" sl="39" sc="3" el="39" ec="4" />
              </SequencePoints>
              <BranchPoints />
              <MethodPoint xsi:type="SequencePoint" vc="2" uspid="303" ordinal="0" offset="0" sl="32" sc="3" el="32" ec="33" />
            </Method>
            <Method visited="true" cyclomaticComplexity="1" sequenceCoverage="100" branchCoverage="100" isConstructor="true" isStatic="false" isGetter="false" isSetter="false">
              <MetadataToken>100663332</MetadataToken>
              <Name>System.Void InventoryLib.TestItem::.ctor(InventoryLib.TestItem,System.Int32)</Name>
              <FileRef uid="3" />
              <SequencePoints>
                <SequencePoint vc="24" uspid="312" ordinal="0" offset="0" sl="41" sc="3" el="41" ec="44" />
                <SequencePoint vc="24" uspid="313" ordinal="1" offset="7" sl="41" sc="44" el="41" ec="45" />
                <SequencePoint vc="24" uspid="314" ordinal="2" offset="8" sl="42" sc="4" el="42" ec="22" />
                <SequencePoint vc="24" uspid="315" ordinal="3" offset="20" sl="43" sc="4" el="43" ec="26" />
                <SequencePoint vc="24" uspid="316" ordinal="4" offset="32" sl="44" sc="4" el="44" ec="23" />
                <SequencePoint vc="24" uspid="317" ordinal="5" offset="39" sl="45" sc="4" el="45" ec="34" />
                <SequencePoint vc="24" uspid="318" ordinal="6" offset="51" sl="46" sc="4" el="46" ec="32" />
                <SequencePoint vc="24" uspid="319" ordinal="7" offset="63" sl="47" sc="4" el="47" ec="28" />
                <SequencePoint vc="24" uspid="320" ordinal="8" offset="75" sl="48" sc="3" el="48" ec="4" />
              </SequencePoints>
              <BranchPoints />
              <MethodPoint xsi:type="SequencePoint" vc="24" uspid="312" ordinal="0" offset="0" sl="41" sc="3" el="41" ec="44" />
            </Method>
            <Method visited="true" cyclomaticComplexity="1" sequenceCoverage="100" branchCoverage="100" isConstructor="true" isStatic="false" isGetter="false" isSetter="false">
              <MetadataToken>100663333</MetadataToken>
              <Name>System.Void InventoryLib.TestItem::.ctor(System.Int32,System.Single,System.Int32,System.Int32,System.Boolean,InventoryLib.TestItem/ElementType)</Name>
              <FileRef uid="3" />
              <SequencePoints>
                <SequencePoint vc="2" uspid="321" ordinal="0" offset="0" sl="50" sc="3" el="50" ec="96" />
                <SequencePoint vc="2" uspid="322" ordinal="1" offset="7" sl="50" sc="96" el="50" ec="97" />
                <SequencePoint vc="2" uspid="323" ordinal="2" offset="8" sl="51" sc="4" el="51" ec="17" />
                <SequencePoint vc="2" uspid="324" ordinal="3" offset="15" sl="52" sc="4" el="52" ec="21" />
                <SequencePoint vc="2" uspid="325" ordinal="4" offset="22" sl="53" sc="4" el="53" ec="23" />
                <SequencePoint vc="2" uspid="326" ordinal="5" offset="29" sl="54" sc="4" el="54" ec="29" />
                <SequencePoint vc="2" uspid="327" ordinal="6" offset="37" sl="55" sc="4" el="55" ec="27" />
                <SequencePoint vc="2" uspid="328" ordinal="7" offset="45" sl="56" sc="4" el="56" ec="23" />
                <SequencePoint vc="2" uspid="329" ordinal="8" offset="53" sl="57" sc="3" el="57" ec="4" />
              </SequencePoints>
              <BranchPoints />
              <MethodPoint xsi:type="SequencePoint" vc="2" uspid="321" ordinal="0" offset="0" sl="50" sc="3" el="50" ec="96" />
            </Method>
            <Method visited="true" cyclomaticComplexity="1" sequenceCoverage="100" branchCoverage="100" isConstructor="false" isStatic="false" isGetter="false" isSetter="false">
              <MetadataToken>100663334</MetadataToken>
              <Name>System.Int32 InventoryLib.TestItem::getID()</Name>
              <FileRef uid="3" />
              <SequencePoints>
                <SequencePoint vc="41" uspid="330" ordinal="0" offset="0" sl="60" sc="3" el="60" ec="4" />
                <SequencePoint vc="41" uspid="331" ordinal="1" offset="1" sl="61" sc="4" el="61" ec="14" />
                <SequencePoint vc="41" uspid="332" ordinal="2" offset="10" sl="62" sc="3" el="62" ec="4" />
              </SequencePoints>
              <BranchPoints />
              <MethodPoint xsi:type="SequencePoint" vc="41" uspid="330" ordinal="0" offset="0" sl="60" sc="3" el="60" ec="4" />
            </Method>
            <Method visited="true" cyclomaticComplexity="1" sequenceCoverage="100" branchCoverage="100" isConstructor="false" isStatic="false" isGetter="false" isSetter="false">
              <MetadataToken>100663335</MetadataToken>
              <Name>System.Int32 InventoryLib.TestItem::getCount()</Name>
              <FileRef uid="3" />
              <SequencePoints>
                <SequencePoint vc="91" uspid="333" ordinal="0" offset="0" sl="65" sc="3" el="65" ec="4" />
                <SequencePoint vc="91" uspid="334" ordinal="1" offset="1" sl="66" sc="4" el="66" ec="17" />
                <SequencePoint vc="91" uspid="335" ordinal="2" offset="10" sl="67" sc="3" el="67" ec="4" />
              </SequencePoints>
              <BranchPoints />
              <MethodPoint xsi:type="SequencePoint" vc="91" uspid="333" ordinal="0" offset="0" sl="65" sc="3" el="65" ec="4" />
            </Method>
            <Method visited="true" cyclomaticComplexity="1" sequenceCoverage="100" branchCoverage="100" isConstructor="false" isStatic="false" isGetter="false" isSetter="false">
              <MetadataToken>100663336</MetadataToken>
              <Name>System.Void InventoryLib.TestItem::addCount(System.Int32)</Name>
              <FileRef uid="3" />
              <SequencePoints>
                <SequencePoint vc="16" uspid="336" ordinal="0" offset="0" sl="70" sc="3" el="70" ec="4" />
                <SequencePoint vc="16" uspid="337" ordinal="1" offset="1" sl="71" sc="4" el="71" ec="17" />
                <SequencePoint vc="16" uspid="338" ordinal="2" offset="15" sl="72" sc="3" el="72" ec="4" />
              </SequencePoints>
              <BranchPoints />
              <MethodPoint xsi:type="SequencePoint" vc="16" uspid="336" ordinal="0" offset="0" sl="70" sc="3" el="70" ec="4" />
            </Method>
            <Method visited="true" cyclomaticComplexity="1" sequenceCoverage="100" branchCoverage="100" isConstructor="false" isStatic="false" isGetter="false" isSetter="false">
              <MetadataToken>100663337</MetadataToken>
              <Name>System.Void InventoryLib.TestItem::minusCount(System.Int32)</Name>
              <FileRef uid="3" />
              <SequencePoints>
                <SequencePoint vc="2" uspid="339" ordinal="0" offset="0" sl="75" sc="3" el="75" ec="4" />
                <SequencePoint vc="2" uspid="340" ordinal="1" offset="1" sl="76" sc="4" el="76" ec="17" />
                <SequencePoint vc="2" uspid="341" ordinal="2" offset="15" sl="77" sc="3" el="77" ec="4" />
              </SequencePoints>
              <BranchPoints />
              <MethodPoint xsi:type="SequencePoint" vc="2" uspid="339" ordinal="0" offset="0" sl="75" sc="3" el="75" ec="4" />
            </Method>
            <Method visited="true" cyclomaticComplexity="1" sequenceCoverage="100" branchCoverage="100" isConstructor="false" isStatic="false" isGetter="false" isSetter="false">
              <MetadataToken>100663338</MetadataToken>
              <Name>System.Void InventoryLib.TestItem::countToMax()</Name>
              <FileRef uid="3" />
              <SequencePoints>
                <SequencePoint vc="1" uspid="342" ordinal="0" offset="0" sl="80" sc="3" el="80" ec="4" />
                <SequencePoint vc="1" uspid="343" ordinal="1" offset="1" sl="81" sc="4" el="81" ec="21" />
                <SequencePoint vc="1" uspid="344" ordinal="2" offset="13" sl="82" sc="3" el="82" ec="4" />
              </SequencePoints>
              <BranchPoints />
              <MethodPoint xsi:type="SequencePoint" vc="1" uspid="342" ordinal="0" offset="0" sl="80" sc="3" el="80" ec="4" />
            </Method>
            <Method visited="true" cyclomaticComplexity="1" sequenceCoverage="100" branchCoverage="100" isConstructor="false" isStatic="false" isGetter="false" isSetter="false">
              <MetadataToken>100663339</MetadataToken>
              <Name>System.Int32 InventoryLib.TestItem::getMaxInStack()</Name>
              <FileRef uid="3" />
              <SequencePoints>
                <SequencePoint vc="56" uspid="345" ordinal="0" offset="0" sl="85" sc="3" el="85" ec="4" />
                <SequencePoint vc="56" uspid="346" ordinal="1" offset="1" sl="86" sc="4" el="86" ec="20" />
                <SequencePoint vc="56" uspid="347" ordinal="2" offset="10" sl="87" sc="3" el="87" ec="4" />
              </SequencePoints>
              <BranchPoints />
              <MethodPoint xsi:type="SequencePoint" vc="56" uspid="345" ordinal="0" offset="0" sl="85" sc="3" el="85" ec="4" />
            </Method>
            <Method visited="true" cyclomaticComplexity="1" sequenceCoverage="100" branchCoverage="100" isConstructor="false" isStatic="false" isGetter="false" isSetter="false">
              <MetadataToken>100663340</MetadataToken>
              <Name>System.Boolean InventoryLib.TestItem::getStacked()</Name>
              <FileRef uid="3" />
              <SequencePoints>
                <SequencePoint vc="38" uspid="348" ordinal="0" offset="0" sl="90" sc="3" el="90" ec="4" />
                <SequencePoint vc="38" uspid="349" ordinal="1" offset="1" sl="91" sc="4" el="91" ec="19" />
                <SequencePoint vc="38" uspid="350" ordinal="2" offset="10" sl="92" sc="3" el="92" ec="4" />
              </SequencePoints>
              <BranchPoints />
              <MethodPoint xsi:type="SequencePoint" vc="38" uspid="348" ordinal="0" offset="0" sl="90" sc="3" el="90" ec="4" />
            </Method>
            <Method visited="true" cyclomaticComplexity="1" sequenceCoverage="100" branchCoverage="100" isConstructor="false" isStatic="false" isGetter="false" isSetter="false">
              <MetadataToken>100663341</MetadataToken>
              <Name>System.Single InventoryLib.TestItem::getCost()</Name>
              <FileRef uid="3" />
              <SequencePoints>
                <SequencePoint vc="12" uspid="351" ordinal="0" offset="0" sl="95" sc="3" el="95" ec="4" />
                <SequencePoint vc="12" uspid="352" ordinal="1" offset="1" sl="96" sc="4" el="96" ec="16" />
                <SequencePoint vc="12" uspid="353" ordinal="2" offset="10" sl="97" sc="3" el="97" ec="4" />
              </SequencePoints>
              <BranchPoints />
              <MethodPoint xsi:type="SequencePoint" vc="12" uspid="351" ordinal="0" offset="0" sl="95" sc="3" el="95" ec="4" />
            </Method>
            <Method visited="true" cyclomaticComplexity="1" sequenceCoverage="100" branchCoverage="100" isConstructor="false" isStatic="false" isGetter="false" isSetter="false">
              <MetadataToken>100663342</MetadataToken>
              <Name>InventoryLib.IItem InventoryLib.TestItem::initItem(System.Int32)</Name>
              <FileRef uid="3" />
              <SequencePoints>
                <SequencePoint vc="6" uspid="354" ordinal="0" offset="0" sl="100" sc="3" el="100" ec="4" />
                <SequencePoint vc="6" uspid="355" ordinal="1" offset="1" sl="101" sc="4" el="101" ec="37" />
                <SequencePoint vc="6" uspid="356" ordinal="2" offset="11" sl="102" sc="3" el="102" ec="4" />
              </SequencePoints>
              <BranchPoints />
              <MethodPoint xsi:type="SequencePoint" vc="6" uspid="354" ordinal="0" offset="0" sl="100" sc="3" el="100" ec="4" />
            </Method>
            <Method visited="false" cyclomaticComplexity="1" sequenceCoverage="0" branchCoverage="0" isConstructor="false" isStatic="false" isGetter="false" isSetter="false">
              <MetadataToken>100663343</MetadataToken>
              <Name>System.Int32 InventoryLib.TestItem::SortByCostAscending(System.Int32,System.Int32)</Name>
              <FileRef uid="3" />
              <SequencePoints>
                <SequencePoint vc="0" uspid="357" ordinal="0" offset="0" sl="104" sc="47" el="104" ec="48" />
                <SequencePoint vc="0" uspid="358" ordinal="1" offset="1" sl="105" sc="4" el="105" ec="26" />
                <SequencePoint vc="0" uspid="359" ordinal="2" offset="12" sl="106" sc="3" el="106" ec="4" />
              </SequencePoints>
              <BranchPoints />
              <MethodPoint xsi:type="SequencePoint" vc="0" uspid="357" ordinal="0" offset="0" sl="104" sc="47" el="104" ec="48" />
            </Method>
            <Method visited="false" cyclomaticComplexity="3" sequenceCoverage="0" branchCoverage="0" isConstructor="false" isStatic="false" isGetter="false" isSetter="false">
              <MetadataToken>100663344</MetadataToken>
              <Name>System.Boolean InventoryLib.TestItem::Equals(System.Object)</Name>
              <FileRef uid="3" />
              <SequencePoints>
                <SequencePoint vc="0" uspid="360" ordinal="0" offset="0" sl="110" sc="3" el="110" ec="4" />
                <SequencePoint vc="0" uspid="361" ordinal="1" offset="1" sl="111" sc="4" el="111" ec="20" />
                <SequencePoint vc="0" uspid="362" ordinal="2" offset="12" sl="111" sc="21" el="111" ec="34" />
                <SequencePoint vc="0" uspid="363" ordinal="3" offset="16" sl="112" sc="4" el="112" ec="37" />
                <SequencePoint vc="0" uspid="364" ordinal="4" offset="23" sl="113" sc="4" el="113" ec="21" />
                <SequencePoint vc="0" uspid="365" ordinal="5" offset="37" sl="113" sc="22" el="113" ec="35" />
                <SequencePoint vc="0" uspid="366" ordinal="6" offset="41" sl="114" sc="4" el="114" ec="28" />
                <SequencePoint vc="0" uspid="367" ordinal="7" offset="61" sl="115" sc="3" el="115" ec="4" />
              </SequencePoints>
              <BranchPoints>
                <BranchPoint vc="0" uspid="368" ordinal="0" offset="10" path="0" />
                <BranchPoint vc="0" uspid="369" ordinal="1" offset="10" path="1" />
                <BranchPoint vc="0" uspid="370" ordinal="2" offset="35" path="0" />
                <BranchPoint vc="0" uspid="371" ordinal="3" offset="35" path="1" />
              </BranchPoints>
              <MethodPoint xsi:type="SequencePoint" vc="0" uspid="360" ordinal="0" offset="0" sl="110" sc="3" el="110" ec="4" />
            </Method>
            <Method visited="false" cyclomaticComplexity="1" sequenceCoverage="0" branchCoverage="0" isConstructor="false" isStatic="false" isGetter="false" isSetter="false">
              <MetadataToken>100663345</MetadataToken>
              <Name>System.Int32 InventoryLib.TestItem::GetHashCode()</Name>
              <FileRef uid="3" />
              <SequencePoints>
                <SequencePoint vc="0" uspid="372" ordinal="0" offset="0" sl="118" sc="3" el="118" ec="4" />
                <SequencePoint vc="0" uspid="373" ordinal="1" offset="1" sl="128" sc="4" el="128" ec="19" />
                <SequencePoint vc="0" uspid="374" ordinal="2" offset="10" sl="129" sc="3" el="129" ec="4" />
              </SequencePoints>
              <BranchPoints />
              <MethodPoint xsi:type="SequencePoint" vc="0" uspid="372" ordinal="0" offset="0" sl="118" sc="3" el="118" ec="4" />
            </Method>
            <Method visited="false" cyclomaticComplexity="4" sequenceCoverage="0" branchCoverage="0" isConstructor="false" isStatic="true" isGetter="false" isSetter="false">
              <MetadataToken>100663346</MetadataToken>
              <Name>System.Boolean InventoryLib.TestItem::op_Equality(InventoryLib.TestItem,InventoryLib.TestItem)</Name>
              <FileRef uid="3" />
              <SequencePoints>
                <SequencePoint vc="0" uspid="375" ordinal="0" offset="0" sl="132" sc="3" el="132" ec="4" />
                <SequencePoint vc="0" uspid="376" ordinal="1" offset="1" sl="133" sc="4" el="133" ec="34" />
                <SequencePoint vc="0" uspid="377" ordinal="2" offset="15" sl="134" sc="5" el="134" ec="17" />
                <SequencePoint vc="0" uspid="378" ordinal="3" offset="19" sl="135" sc="4" el="135" ec="65" />
                <SequencePoint vc="0" uspid="379" ordinal="4" offset="45" sl="136" sc="5" el="136" ec="18" />
                <SequencePoint vc="0" uspid="380" ordinal="5" offset="49" sl="137" sc="4" el="137" ec="27" />
                <SequencePoint vc="0" uspid="381" ordinal="6" offset="59" sl="138" sc="3" el="138" ec="4" />
              </SequencePoints>
              <BranchPoints>
                <BranchPoint vc="0" uspid="382" ordinal="0" offset="13" path="0" />
                <BranchPoint vc="0" uspid="383" ordinal="1" offset="13" path="1" />
                <BranchPoint vc="0" uspid="384" ordinal="2" offset="26" path="0" />
                <BranchPoint vc="0" uspid="385" ordinal="3" offset="26" path="1" />
                <BranchPoint vc="0" uspid="386" ordinal="4" offset="43" path="0" />
                <BranchPoint vc="0" uspid="387" ordinal="5" offset="43" path="1" />
              </BranchPoints>
              <MethodPoint xsi:type="SequencePoint" vc="0" uspid="375" ordinal="0" offset="0" sl="132" sc="3" el="132" ec="4" />
            </Method>
            <Method visited="false" cyclomaticComplexity="1" sequenceCoverage="0" branchCoverage="0" isConstructor="false" isStatic="true" isGetter="false" isSetter="false">
              <MetadataToken>100663347</MetadataToken>
              <Name>System.Boolean InventoryLib.TestItem::op_Inequality(InventoryLib.TestItem,InventoryLib.TestItem)</Name>
              <FileRef uid="3" />
              <SequencePoints>
                <SequencePoint vc="0" uspid="388" ordinal="0" offset="0" sl="141" sc="3" el="141" ec="4" />
                <SequencePoint vc="0" uspid="389" ordinal="1" offset="1" sl="142" sc="4" el="142" ec="25" />
                <SequencePoint vc="0" uspid="390" ordinal="2" offset="14" sl="143" sc="3" el="143" ec="4" />
              </SequencePoints>
              <BranchPoints />
              <MethodPoint xsi:type="SequencePoint" vc="0" uspid="388" ordinal="0" offset="0" sl="141" sc="3" el="141" ec="4" />
            </Method>
            <Method visited="false" cyclomaticComplexity="1" sequenceCoverage="0" branchCoverage="0" isConstructor="false" isStatic="false" isGetter="false" isSetter="false">
              <MetadataToken>100663348</MetadataToken>
              <Name>System.String InventoryLib.TestItem::ToString()</Name>
              <FileRef uid="3" />
              <SequencePoints>
                <SequencePoint vc="0" uspid="391" ordinal="0" offset="0" sl="147" sc="3" el="147" ec="4" />
                <SequencePoint vc="0" uspid="392" ordinal="1" offset="1" sl="148" sc="4" el="148" ec="130" />
                <SequencePoint vc="0" uspid="393" ordinal="2" offset="92" sl="149" sc="3" el="149" ec="4" />
              </SequencePoints>
              <BranchPoints />
              <MethodPoint xsi:type="SequencePoint" vc="0" uspid="391" ordinal="0" offset="0" sl="147" sc="3" el="147" ec="4" />
            </Method>
            <Method visited="false" cyclomaticComplexity="5" sequenceCoverage="0" branchCoverage="0" isConstructor="false" isStatic="false" isGetter="false" isSetter="false">
              <MetadataToken>100663349</MetadataToken>
              <Name>System.Int32 InventoryLib.TestItem::getValForSort()</Name>
              <FileRef uid="3" />
              <SequencePoints>
                <SequencePoint vc="0" uspid="394" ordinal="0" offset="0" sl="152" sc="3" el="152" ec="4" />
                <SequencePoint vc="0" uspid="395" ordinal="1" offset="1" sl="153" sc="4" el="153" ec="22" />
                <SequencePoint vc="0" uspid="396" ordinal="2" offset="28" sl="155" sc="6" el="155" ec="15" />
                <SequencePoint vc="0" uspid="397" ordinal="3" offset="32" sl="157" sc="6" el="157" ec="15" />
                <SequencePoint vc="0" uspid="398" ordinal="4" offset="36" sl="159" sc="6" el="159" ec="15" />
                <SequencePoint vc="0" uspid="399" ordinal="5" offset="40" sl="161" sc="6" el="161" ec="15" />
                <SequencePoint vc="0" uspid="400" ordinal="6" offset="44" sl="163" sc="3" el="163" ec="4" />
              </SequencePoints>
              <BranchPoints>
                <BranchPoint vc="0" uspid="401" ordinal="0" offset="9" path="0" />
                <BranchPoint vc="0" uspid="402" ordinal="1" offset="9" path="1" />
                <BranchPoint vc="0" uspid="403" ordinal="2" offset="9" path="2" />
                <BranchPoint vc="0" uspid="404" ordinal="3" offset="9" path="3" />
              </BranchPoints>
              <MethodPoint xsi:type="SequencePoint" vc="0" uspid="394" ordinal="0" offset="0" sl="152" sc="3" el="152" ec="4" />
            </Method>
            <Method visited="true" cyclomaticComplexity="2" sequenceCoverage="80" branchCoverage="50" isConstructor="false" isStatic="false" isGetter="false" isSetter="false">
              <MetadataToken>100663350</MetadataToken>
              <Name>System.Boolean InventoryLib.TestItem::Equals(InventoryLib.IItem)</Name>
              <FileRef uid="3" />
              <SequencePoints>
                <SequencePoint vc="39" uspid="405" ordinal="0" offset="0" sl="166" sc="3" el="166" ec="4" />
                <SequencePoint vc="39" uspid="406" ordinal="1" offset="1" sl="167" sc="4" el="167" ec="21" />
                <SequencePoint vc="0" uspid="407" ordinal="2" offset="12" sl="167" sc="22" el="167" ec="35" />
                <SequencePoint vc="39" uspid="408" ordinal="3" offset="16" sl="168" sc="4" el="168" ec="43" />
                <SequencePoint vc="39" uspid="409" ordinal="4" offset="36" sl="169" sc="3" el="169" ec="4" />
              </SequencePoints>
              <BranchPoints>
                <BranchPoint vc="0" uspid="410" ordinal="0" offset="10" path="0" />
                <BranchPoint vc="39" uspid="411" ordinal="1" offset="10" path="1" />
              </BranchPoints>
              <MethodPoint xsi:type="SequencePoint" vc="39" uspid="405" ordinal="0" offset="0" sl="166" sc="3" el="166" ec="4" />
            </Method>
            <Method visited="false" cyclomaticComplexity="2" sequenceCoverage="0" branchCoverage="0" isConstructor="false" isStatic="false" isGetter="false" isSetter="false">
              <MetadataToken>100663351</MetadataToken>
              <Name>System.Int32 InventoryLib.TestItem::CompareTo(InventoryLib.IItem)</Name>
              <FileRef uid="3" />
              <SequencePoints>
                <SequencePoint vc="0" uspid="412" ordinal="0" offset="0" sl="172" sc="3" el="172" ec="4" />
                <SequencePoint vc="0" uspid="413" ordinal="1" offset="1" sl="173" sc="4" el="173" ec="21" />
                <SequencePoint vc="0" uspid="414" ordinal="2" offset="12" sl="174" sc="5" el="174" ec="14" />
                <SequencePoint vc="0" uspid="415" ordinal="3" offset="16" sl="176" sc="5" el="176" ec="45" />
                <SequencePoint vc="0" uspid="416" ordinal="4" offset="36" sl="177" sc="3" el="177" ec="4" />
              </SequencePoints>
              <BranchPoints>
                <BranchPoint vc="0" uspid="417" ordinal="0" offset="10" path="0" />
                <BranchPoint vc="0" uspid="418" ordinal="1" offset="10" path="1" />
              </BranchPoints>
              <MethodPoint xsi:type="SequencePoint" vc="0" uspid="412" ordinal="0" offset="0" sl="172" sc="3" el="172" ec="4" />
            </Method>
          </Methods>
        </Class>
        <Class>
          <FullName>InventoryLib.TestClass</FullName>
          <Methods>
            <Method visited="true" cyclomaticComplexity="2" sequenceCoverage="100" branchCoverage="100" isConstructor="false" isStatic="false" isGetter="false" isSetter="false">
              <MetadataToken>100663352</MetadataToken>
              <Name>System.Void InventoryLib.TestClass::TestBuySell()</Name>
              <FileRef uid="3" />
              <SequencePoints>
                <SequencePoint vc="1" uspid="419" ordinal="0" offset="0" sl="184" sc="3" el="184" ec="4" />
                <SequencePoint vc="1" uspid="420" ordinal="1" offset="1" sl="185" sc="4" el="185" ec="47" />
                <SequencePoint vc="1" uspid="421" ordinal="2" offset="9" sl="186" sc="4" el="186" ec="33" />
                <SequencePoint vc="1" uspid="422" ordinal="3" offset="15" sl="187" sc="8" el="187" ec="18" />
                <SequencePoint vc="16" uspid="423" ordinal="4" offset="19" sl="187" sc="31" el="187" ec="32" />
                <SequencePoint vc="16" uspid="424" ordinal="5" offset="20" sl="188" sc="5" el="188" ec="32" />
                <SequencePoint vc="16" uspid="425" ordinal="6" offset="34" sl="189" sc="4" el="189" ec="5" />
                <SequencePoint vc="16" uspid="426" ordinal="7" offset="35" sl="187" sc="27" el="187" ec="30" />
                <SequencePoint vc="17" uspid="427" ordinal="8" offset="39" sl="187" sc="19" el="187" ec="25" />
                <SequencePoint vc="1" uspid="428" ordinal="9" offset="48" sl="192" sc="4" el="192" ec="36" />
                <SequencePoint vc="1" uspid="429" ordinal="10" offset="62" sl="193" sc="4" el="193" ec="33" />
                <SequencePoint vc="1" uspid="430" ordinal="11" offset="75" sl="194" sc="4" el="194" ec="55" />
                <SequencePoint vc="1" uspid="431" ordinal="12" offset="99" sl="195" sc="3" el="195" ec="4" />
              </SequencePoints>
              <BranchPoints>
                <BranchPoint vc="1" uspid="432" ordinal="0" offset="46" path="0" />
                <BranchPoint vc="16" uspid="433" ordinal="1" offset="46" path="1" />
              </BranchPoints>
              <MethodPoint xsi:type="SequencePoint" vc="1" uspid="419" ordinal="0" offset="0" sl="184" sc="3" el="184" ec="4" />
            </Method>
            <Method visited="true" cyclomaticComplexity="1" sequenceCoverage="100" branchCoverage="100" isConstructor="false" isStatic="false" isGetter="false" isSetter="false">
              <MetadataToken>100663353</MetadataToken>
              <Name>System.Void InventoryLib.TestClass::TestAddDel()</Name>
              <FileRef uid="3" />
              <SequencePoints>
                <SequencePoint vc="1" uspid="434" ordinal="0" offset="0" sl="198" sc="27" el="198" ec="28" />
                <SequencePoint vc="1" uspid="435" ordinal="1" offset="1" sl="199" sc="4" el="199" ec="47" />
                <SequencePoint vc="1" uspid="436" ordinal="2" offset="9" sl="200" sc="4" el="200" ec="33" />
                <SequencePoint vc="1" uspid="437" ordinal="3" offset="15" sl="201" sc="4" el="201" ec="31" />
                <SequencePoint vc="1" uspid="438" ordinal="4" offset="29" sl="202" sc="4" el="202" ec="15" />
                <SequencePoint vc="1" uspid="439" ordinal="5" offset="37" sl="203" sc="4" el="203" ec="68" />
                <SequencePoint vc="1" uspid="440" ordinal="6" offset="56" sl="204" sc="3" el="204" ec="4" />
              </SequencePoints>
              <BranchPoints />
              <MethodPoint xsi:type="SequencePoint" vc="1" uspid="434" ordinal="0" offset="0" sl="198" sc="27" el="198" ec="28" />
            </Method>
            <Method visited="true" cyclomaticComplexity="1" sequenceCoverage="100" branchCoverage="100" isConstructor="false" isStatic="false" isGetter="false" isSetter="false">
              <MetadataToken>100663354</MetadataToken>
              <Name>System.Void InventoryLib.TestClass::TestStacked()</Name>
              <FileRef uid="3" />
              <SequencePoints>
                <SequencePoint vc="1" uspid="441" ordinal="0" offset="0" sl="207" sc="28" el="207" ec="29" />
                <SequencePoint vc="1" uspid="442" ordinal="1" offset="1" sl="208" sc="4" el="208" ec="47" />
                <SequencePoint vc="1" uspid="443" ordinal="2" offset="9" sl="209" sc="4" el="209" ec="74" />
                <SequencePoint vc="1" uspid="444" ordinal="3" offset="25" sl="210" sc="4" el="210" ec="15" />
                <SequencePoint vc="1" uspid="445" ordinal="4" offset="33" sl="211" sc="4" el="211" ec="15" />
                <SequencePoint vc="1" uspid="446" ordinal="5" offset="41" sl="212" sc="4" el="212" ec="54" />
                <SequencePoint vc="1" uspid="447" ordinal="6" offset="54" sl="213" sc="3" el="213" ec="4" />
              </SequencePoints>
              <BranchPoints />
              <MethodPoint xsi:type="SequencePoint" vc="1" uspid="441" ordinal="0" offset="0" sl="207" sc="28" el="207" ec="29" />
            </Method>
            <Method visited="true" cyclomaticComplexity="1" sequenceCoverage="100" branchCoverage="100" isConstructor="false" isStatic="false" isGetter="false" isSetter="false">
              <MetadataToken>100663355</MetadataToken>
              <Name>System.Void InventoryLib.TestClass::TestSort()</Name>
              <FileRef uid="3" />
              <SequencePoints>
                <SequencePoint vc="1" uspid="448" ordinal="0" offset="0" sl="215" sc="25" el="215" ec="26" />
                <SequencePoint vc="1" uspid="449" ordinal="1" offset="1" sl="216" sc="4" el="216" ec="47" />
                <SequencePoint vc="1" uspid="450" ordinal="2" offset="9" sl="217" sc="4" el="217" ec="33" />
                <SequencePoint vc="1" uspid="451" ordinal="3" offset="15" sl="218" sc="4" el="218" ec="29" />
                <SequencePoint vc="1" uspid="452" ordinal="4" offset="28" sl="219" sc="4" el="219" ec="64" />
                <SequencePoint vc="1" uspid="453" ordinal="5" offset="44" sl="220" sc="4" el="220" ec="15" />
                <SequencePoint vc="1" uspid="454" ordinal="6" offset="52" sl="221" sc="4" el="221" ec="64" />
                <SequencePoint vc="1" uspid="455" ordinal="7" offset="71" sl="222" sc="4" el="222" ec="64" />
                <SequencePoint vc="1" uspid="456" ordinal="8" offset="90" sl="223" sc="4" el="223" ec="32" />
                <SequencePoint vc="1" uspid="457" ordinal="9" offset="98" sl="224" sc="4" el="224" ec="68" />
                <SequencePoint vc="1" uspid="458" ordinal="10" offset="128" sl="225" sc="3" el="225" ec="4" />
              </SequencePoints>
              <BranchPoints />
              <MethodPoint xsi:type="SequencePoint" vc="1" uspid="448" ordinal="0" offset="0" sl="215" sc="25" el="215" ec="26" />
            </Method>
            <Method visited="true" cyclomaticComplexity="1" sequenceCoverage="0" branchCoverage="0" isConstructor="true" isStatic="false" isGetter="false" isSetter="false">
              <MetadataToken>100663356</MetadataToken>
              <Name>System.Void InventoryLib.TestClass::.ctor()</Name>
              <SequencePoints />
              <BranchPoints />
              <MethodPoint vc="1" uspid="459" ordinal="0" offset="0" />
            </Method>
          </Methods>
        </Class>
      </Classes>
    </Module>
    <Module skippedDueTo="MissingPdb" hash="42-83-FE-A6-9F-01-8E-2C-E8-41-E9-25-3E-1E-0D-99-81-76-6B-C9">
      <FullName>C:\Users\suvoroda\AppData\Local\Temp\nunit20\ShadowCopyCache\8412_636159432509650157\Tests_257521630\assembly\dl3\1fd12228\00d30741_25dace01\nunit.framework.DLL</FullName>
      <ModuleName>nunit.framework</ModuleName>
      <Classes />
    </Module>
  </Modules>
</CoverageSession>